2023-10-23 10:03:50,451 WARN [main] [JpaBaseConfiguration.java:231] - spring.jpa.open-in-view is enabled by default. Therefore, database queries may be performed during view rendering. Explicitly configure spring.jpa.open-in-view to disable this warning
2023-10-23 10:03:50,724 WARN [main] [WebSecurity.java:324] - 

********************************************************************
**********        Security debugging is enabled.       *************
**********    This may include sensitive information.  *************
**********      Do not use in a production system!     *************
********************************************************************


2023-10-23 10:10:59,207 WARN [main] [JpaBaseConfiguration.java:231] - spring.jpa.open-in-view is enabled by default. Therefore, database queries may be performed during view rendering. Explicitly configure spring.jpa.open-in-view to disable this warning
2023-10-23 10:10:59,437 WARN [main] [WebSecurity.java:324] - 

********************************************************************
**********        Security debugging is enabled.       *************
**********    This may include sensitive information.  *************
**********      Do not use in a production system!     *************
********************************************************************


2023-10-23 18:27:22,227 WARN [main] [JpaBaseConfiguration.java:231] - spring.jpa.open-in-view is enabled by default. Therefore, database queries may be performed during view rendering. Explicitly configure spring.jpa.open-in-view to disable this warning
2023-10-23 18:27:22,476 WARN [main] [WebSecurity.java:324] - 

********************************************************************
**********        Security debugging is enabled.       *************
**********    This may include sensitive information.  *************
**********      Do not use in a production system!     *************
********************************************************************


2023-10-23 19:07:51,446 WARN [main] [JpaBaseConfiguration.java:231] - spring.jpa.open-in-view is enabled by default. Therefore, database queries may be performed during view rendering. Explicitly configure spring.jpa.open-in-view to disable this warning
2023-10-23 19:07:51,679 WARN [main] [WebSecurity.java:324] - 

********************************************************************
**********        Security debugging is enabled.       *************
**********    This may include sensitive information.  *************
**********      Do not use in a production system!     *************
********************************************************************


2023-10-23 19:08:55,569 WARN [http-nio-8080-exec-3] [GlobalExceptionHandler.java:74] - Exception class java.lang.IllegalArgumentException: Reject operation: user [611ae81b-4535-4c96-96b8-839482261310] already has such a pass with overlapping time [2d7a946e-b28f-44e2-8b2b-074400a20fa5]
2023-10-23 19:09:22,653 WARN [http-nio-8080-exec-4] [GlobalExceptionHandler.java:74] - Exception class java.lang.IllegalArgumentException: Reject operation: user [611ae81b-4535-4c96-96b8-839482261310] already has such a pass with overlapping time [2d7a946e-b28f-44e2-8b2b-074400a20fa5]
2023-10-23 19:13:00,709 WARN [main] [JpaBaseConfiguration.java:231] - spring.jpa.open-in-view is enabled by default. Therefore, database queries may be performed during view rendering. Explicitly configure spring.jpa.open-in-view to disable this warning
2023-10-23 19:13:00,950 WARN [main] [WebSecurity.java:324] - 

********************************************************************
**********        Security debugging is enabled.       *************
**********    This may include sensitive information.  *************
**********      Do not use in a production system!     *************
********************************************************************


2023-10-23 19:15:47,874 WARN [http-nio-8080-exec-10] [GlobalExceptionHandler.java:74] - Exception class java.lang.IllegalArgumentException: Reject operation: user [611ae81b-4535-4c96-96b8-839482261310] already has such a pass with overlapping time [2d7a946e-b28f-44e2-8b2b-074400a20fa5]
2023-10-23 19:21:58,110 WARN [main] [JpaBaseConfiguration.java:231] - spring.jpa.open-in-view is enabled by default. Therefore, database queries may be performed during view rendering. Explicitly configure spring.jpa.open-in-view to disable this warning
2023-10-23 19:21:58,342 WARN [main] [WebSecurity.java:324] - 

********************************************************************
**********        Security debugging is enabled.       *************
**********    This may include sensitive information.  *************
**********      Do not use in a production system!     *************
********************************************************************


2023-10-23 19:22:39,751 WARN [http-nio-8080-exec-3] [GlobalExceptionHandler.java:74] - Exception class java.lang.IllegalArgumentException: Reject operation: user [611ae81b-4535-4c96-96b8-839482261310] already has such a pass with overlapping time [2d7a946e-b28f-44e2-8b2b-074400a20fa5]
2023-10-23 19:32:06,946 WARN [http-nio-8080-exec-7] [GlobalExceptionHandler.java:74] - Exception class java.lang.IllegalArgumentException: Reject operation: user [611ae81b-4535-4c96-96b8-839482261310] already has such a pass with overlapping time [5c9e54b8-b9e1-4166-9b9c-14d22ad001ec]
2023-10-23 19:33:13,002 WARN [http-nio-8080-exec-8] [GlobalExceptionHandler.java:74] - Exception class java.lang.IllegalArgumentException: Reject operation: user [611ae81b-4535-4c96-96b8-839482261310] already has such a pass with overlapping time [5c9e54b8-b9e1-4166-9b9c-14d22ad001ec]
2023-10-23 19:40:52,736 WARN [main] [JpaBaseConfiguration.java:231] - spring.jpa.open-in-view is enabled by default. Therefore, database queries may be performed during view rendering. Explicitly configure spring.jpa.open-in-view to disable this warning
2023-10-23 19:40:52,973 WARN [main] [WebSecurity.java:324] - 

********************************************************************
**********        Security debugging is enabled.       *************
**********    This may include sensitive information.  *************
**********      Do not use in a production system!     *************
********************************************************************


2023-10-23 19:41:47,368 WARN [main] [JpaBaseConfiguration.java:231] - spring.jpa.open-in-view is enabled by default. Therefore, database queries may be performed during view rendering. Explicitly configure spring.jpa.open-in-view to disable this warning
2023-10-23 19:41:47,601 WARN [main] [WebSecurity.java:324] - 

********************************************************************
**********        Security debugging is enabled.       *************
**********    This may include sensitive information.  *************
**********      Do not use in a production system!     *************
********************************************************************


2023-10-23 19:41:51,320 WARN [http-nio-8080-exec-1] [GlobalExceptionHandler.java:74] - Exception class java.lang.IllegalArgumentException: Reject operation: user [611ae81b-4535-4c96-96b8-839482261310] already has such a pass with overlapping time [26798fe7-45d7-4e9f-a3a6-202219d9af0a]
2023-10-23 19:41:59,168 WARN [http-nio-8080-exec-2] [GlobalExceptionHandler.java:74] - Exception class java.lang.IllegalArgumentException: Reject operation: user [611ae81b-4535-4c96-96b8-839482261310] already has such a pass with overlapping time [26798fe7-45d7-4e9f-a3a6-202219d9af0a]
2023-10-23 19:42:19,283 WARN [http-nio-8080-exec-3] [GlobalExceptionHandler.java:74] - Exception class java.lang.IllegalArgumentException: Reject operation: user [611ae81b-4535-4c96-96b8-839482261310] already has such a pass with overlapping time [26798fe7-45d7-4e9f-a3a6-202219d9af0a]
2023-10-23 19:42:38,508 WARN [http-nio-8080-exec-4] [GlobalExceptionHandler.java:74] - Exception class java.lang.IllegalArgumentException: Reject operation: user [611ae81b-4535-4c96-96b8-839482261310] already has such a pass with overlapping time [26798fe7-45d7-4e9f-a3a6-202219d9af0a]
2023-10-23 19:43:17,289 WARN [main] [JpaBaseConfiguration.java:231] - spring.jpa.open-in-view is enabled by default. Therefore, database queries may be performed during view rendering. Explicitly configure spring.jpa.open-in-view to disable this warning
2023-10-23 19:43:17,526 WARN [main] [WebSecurity.java:324] - 

********************************************************************
**********        Security debugging is enabled.       *************
**********    This may include sensitive information.  *************
**********      Do not use in a production system!     *************
********************************************************************


