2023-10-27 11:13:18,811 WARN [main] [JpaBaseConfiguration.java:231] - spring.jpa.open-in-view is enabled by default. Therefore, database queries may be performed during view rendering. Explicitly configure spring.jpa.open-in-view to disable this warning
2023-10-27 11:13:19,057 WARN [main] [WebSecurity.java:324] - 

********************************************************************
**********        Security debugging is enabled.       *************
**********    This may include sensitive information.  *************
**********      Do not use in a production system!     *************
********************************************************************


2023-10-27 11:20:34,337 WARN [main] [JpaBaseConfiguration.java:231] - spring.jpa.open-in-view is enabled by default. Therefore, database queries may be performed during view rendering. Explicitly configure spring.jpa.open-in-view to disable this warning
2023-10-27 11:20:34,571 WARN [main] [WebSecurity.java:324] - 

********************************************************************
**********        Security debugging is enabled.       *************
**********    This may include sensitive information.  *************
**********      Do not use in a production system!     *************
********************************************************************


2023-10-27 11:23:38,953 WARN [main] [JpaBaseConfiguration.java:231] - spring.jpa.open-in-view is enabled by default. Therefore, database queries may be performed during view rendering. Explicitly configure spring.jpa.open-in-view to disable this warning
2023-10-27 11:23:39,182 WARN [main] [WebSecurity.java:324] - 

********************************************************************
**********        Security debugging is enabled.       *************
**********    This may include sensitive information.  *************
**********      Do not use in a production system!     *************
********************************************************************


2023-10-27 11:30:02,163 WARN [main] [JpaBaseConfiguration.java:231] - spring.jpa.open-in-view is enabled by default. Therefore, database queries may be performed during view rendering. Explicitly configure spring.jpa.open-in-view to disable this warning
2023-10-27 11:30:02,428 WARN [main] [WebSecurity.java:324] - 

********************************************************************
**********        Security debugging is enabled.       *************
**********    This may include sensitive information.  *************
**********      Do not use in a production system!     *************
********************************************************************


2023-10-27 11:30:05,821 WARN [main] [JpaBaseConfiguration.java:231] - spring.jpa.open-in-view is enabled by default. Therefore, database queries may be performed during view rendering. Explicitly configure spring.jpa.open-in-view to disable this warning
2023-10-27 11:30:06,086 WARN [main] [WebSecurity.java:324] - 

********************************************************************
**********        Security debugging is enabled.       *************
**********    This may include sensitive information.  *************
**********      Do not use in a production system!     *************
********************************************************************


2023-10-27 11:30:06,383 WARN [main] [AbstractApplicationContext.java:616] - Exception encountered during context initialization - cancelling refresh attempt: org.springframework.context.ApplicationContextException: Failed to start bean 'webServerStartStop'
2023-10-27 11:30:06,418 ERROR [main] [LoggingFailureAnalysisReporter.java:40] - 

***************************
APPLICATION FAILED TO START
***************************

Description:

Web server failed to start. Port 8080 was already in use.

Action:

Identify and stop the process that's listening on port 8080 or configure this application to listen on another port.

2023-10-27 11:30:26,511 WARN [main] [JpaBaseConfiguration.java:231] - spring.jpa.open-in-view is enabled by default. Therefore, database queries may be performed during view rendering. Explicitly configure spring.jpa.open-in-view to disable this warning
2023-10-27 11:30:26,741 WARN [main] [WebSecurity.java:324] - 

********************************************************************
**********        Security debugging is enabled.       *************
**********    This may include sensitive information.  *************
**********      Do not use in a production system!     *************
********************************************************************


2023-10-27 11:49:15,665 WARN [http-nio-8080-exec-1] [GlobalExceptionHandler.java:74] - Exception class ru.ac.checkpointmanager.exception.MismatchedTerritoryException: The checkpoint does not belong to the territory of the pass
2023-10-27 13:06:12,302 WARN [main] [JpaBaseConfiguration.java:231] - spring.jpa.open-in-view is enabled by default. Therefore, database queries may be performed during view rendering. Explicitly configure spring.jpa.open-in-view to disable this warning
2023-10-27 13:06:12,525 WARN [main] [WebSecurity.java:324] - 

********************************************************************
**********        Security debugging is enabled.       *************
**********    This may include sensitive information.  *************
**********      Do not use in a production system!     *************
********************************************************************


2023-10-27 13:16:16,635 WARN [http-nio-8080-exec-1] [PassServiceImpl.java:196] - Reject operation: user [dfbcac93-78dd-4fe6-b2e8-528650df097c] not have permission to create passes for this territory [3fa85f64-5717-4562-b3fc-2c963f66afa6]
2023-10-27 13:16:16,636 WARN [http-nio-8080-exec-1] [GlobalExceptionHandler.java:74] - Exception class java.lang.IllegalArgumentException: Reject operation: user [dfbcac93-78dd-4fe6-b2e8-528650df097c] not have permission to create passes for this territory [3fa85f64-5717-4562-b3fc-2c963f66afa6]
2023-10-27 13:24:59,433 WARN [main] [JpaBaseConfiguration.java:231] - spring.jpa.open-in-view is enabled by default. Therefore, database queries may be performed during view rendering. Explicitly configure spring.jpa.open-in-view to disable this warning
2023-10-27 13:24:59,662 WARN [main] [WebSecurity.java:324] - 

********************************************************************
**********        Security debugging is enabled.       *************
**********    This may include sensitive information.  *************
**********      Do not use in a production system!     *************
********************************************************************


2023-10-27 13:28:26,048 WARN [main] [JpaBaseConfiguration.java:231] - spring.jpa.open-in-view is enabled by default. Therefore, database queries may be performed during view rendering. Explicitly configure spring.jpa.open-in-view to disable this warning
2023-10-27 13:28:26,285 WARN [main] [WebSecurity.java:324] - 

********************************************************************
**********        Security debugging is enabled.       *************
**********    This may include sensitive information.  *************
**********      Do not use in a production system!     *************
********************************************************************


2023-10-27 13:47:15,085 WARN [main] [JpaBaseConfiguration.java:231] - spring.jpa.open-in-view is enabled by default. Therefore, database queries may be performed during view rendering. Explicitly configure spring.jpa.open-in-view to disable this warning
2023-10-27 13:47:15,327 WARN [main] [WebSecurity.java:324] - 

********************************************************************
**********        Security debugging is enabled.       *************
**********    This may include sensitive information.  *************
**********      Do not use in a production system!     *************
********************************************************************


2023-10-27 13:50:06,423 WARN [http-nio-8080-exec-4] [GlobalExceptionHandler.java:61] - Handling NoActivePassException
2023-10-27 13:51:09,081 WARN [main] [JpaBaseConfiguration.java:231] - spring.jpa.open-in-view is enabled by default. Therefore, database queries may be performed during view rendering. Explicitly configure spring.jpa.open-in-view to disable this warning
2023-10-27 13:51:09,309 WARN [main] [WebSecurity.java:324] - 

********************************************************************
**********        Security debugging is enabled.       *************
**********    This may include sensitive information.  *************
**********      Do not use in a production system!     *************
********************************************************************


2023-10-27 14:13:09,765 WARN [main] [JpaBaseConfiguration.java:231] - spring.jpa.open-in-view is enabled by default. Therefore, database queries may be performed during view rendering. Explicitly configure spring.jpa.open-in-view to disable this warning
2023-10-27 14:13:10,018 WARN [main] [WebSecurity.java:324] - 

********************************************************************
**********        Security debugging is enabled.       *************
**********    This may include sensitive information.  *************
**********      Do not use in a production system!     *************
********************************************************************


2023-10-27 14:20:31,116 WARN [main] [JpaBaseConfiguration.java:231] - spring.jpa.open-in-view is enabled by default. Therefore, database queries may be performed during view rendering. Explicitly configure spring.jpa.open-in-view to disable this warning
2023-10-27 14:20:31,343 WARN [main] [WebSecurity.java:324] - 

********************************************************************
**********        Security debugging is enabled.       *************
**********    This may include sensitive information.  *************
**********      Do not use in a production system!     *************
********************************************************************


2023-10-27 14:23:53,938 WARN [main] [JpaBaseConfiguration.java:231] - spring.jpa.open-in-view is enabled by default. Therefore, database queries may be performed during view rendering. Explicitly configure spring.jpa.open-in-view to disable this warning
2023-10-27 14:23:54,168 WARN [main] [WebSecurity.java:324] - 

********************************************************************
**********        Security debugging is enabled.       *************
**********    This may include sensitive information.  *************
**********      Do not use in a production system!     *************
********************************************************************


2023-10-27 14:37:45,690 WARN [main] [JpaBaseConfiguration.java:231] - spring.jpa.open-in-view is enabled by default. Therefore, database queries may be performed during view rendering. Explicitly configure spring.jpa.open-in-view to disable this warning
2023-10-27 14:37:45,923 WARN [main] [WebSecurity.java:324] - 

********************************************************************
**********        Security debugging is enabled.       *************
**********    This may include sensitive information.  *************
**********      Do not use in a production system!     *************
********************************************************************


2023-10-27 14:41:17,729 WARN [main] [JpaBaseConfiguration.java:231] - spring.jpa.open-in-view is enabled by default. Therefore, database queries may be performed during view rendering. Explicitly configure spring.jpa.open-in-view to disable this warning
2023-10-27 14:41:17,955 WARN [main] [WebSecurity.java:324] - 

********************************************************************
**********        Security debugging is enabled.       *************
**********    This may include sensitive information.  *************
**********      Do not use in a production system!     *************
********************************************************************


2023-10-27 20:15:29,867 WARN [main] [JpaBaseConfiguration.java:231] - spring.jpa.open-in-view is enabled by default. Therefore, database queries may be performed during view rendering. Explicitly configure spring.jpa.open-in-view to disable this warning
2023-10-27 20:15:30,173 WARN [main] [WebSecurity.java:324] - 

********************************************************************
**********        Security debugging is enabled.       *************
**********    This may include sensitive information.  *************
**********      Do not use in a production system!     *************
********************************************************************


2023-10-27 21:15:52,651 WARN [main] [JpaBaseConfiguration.java:231] - spring.jpa.open-in-view is enabled by default. Therefore, database queries may be performed during view rendering. Explicitly configure spring.jpa.open-in-view to disable this warning
2023-10-27 21:15:52,877 WARN [main] [WebSecurity.java:324] - 

********************************************************************
**********        Security debugging is enabled.       *************
**********    This may include sensitive information.  *************
**********      Do not use in a production system!     *************
********************************************************************


2023-10-27 21:43:40,453 WARN [main] [JpaBaseConfiguration.java:231] - spring.jpa.open-in-view is enabled by default. Therefore, database queries may be performed during view rendering. Explicitly configure spring.jpa.open-in-view to disable this warning
2023-10-27 21:43:40,678 WARN [main] [WebSecurity.java:324] - 

********************************************************************
**********        Security debugging is enabled.       *************
**********    This may include sensitive information.  *************
**********      Do not use in a production system!     *************
********************************************************************


2023-10-27 21:48:01,273 WARN [main] [JpaBaseConfiguration.java:231] - spring.jpa.open-in-view is enabled by default. Therefore, database queries may be performed during view rendering. Explicitly configure spring.jpa.open-in-view to disable this warning
2023-10-27 21:48:01,500 WARN [main] [WebSecurity.java:324] - 

********************************************************************
**********        Security debugging is enabled.       *************
**********    This may include sensitive information.  *************
**********      Do not use in a production system!     *************
********************************************************************


2023-10-27 21:49:41,279 WARN [http-nio-8080-exec-1] [GlobalExceptionHandler.java:61] - Handling NoActivePassException
2023-10-27 22:15:34,971 WARN [main] [JpaBaseConfiguration.java:231] - spring.jpa.open-in-view is enabled by default. Therefore, database queries may be performed during view rendering. Explicitly configure spring.jpa.open-in-view to disable this warning
2023-10-27 22:15:35,202 WARN [main] [WebSecurity.java:324] - 

********************************************************************
**********        Security debugging is enabled.       *************
**********    This may include sensitive information.  *************
**********      Do not use in a production system!     *************
********************************************************************


2023-10-27 22:26:58,841 WARN [main] [JpaBaseConfiguration.java:231] - spring.jpa.open-in-view is enabled by default. Therefore, database queries may be performed during view rendering. Explicitly configure spring.jpa.open-in-view to disable this warning
2023-10-27 22:26:59,072 WARN [main] [WebSecurity.java:324] - 

********************************************************************
**********        Security debugging is enabled.       *************
**********    This may include sensitive information.  *************
**********      Do not use in a production system!     *************
********************************************************************


